<?xml version="1.0" encoding="UTF-8"?>
<testsuite xmlns:xsi="http://www.w3.org/2001/XMLSchema-instance" xsi:noNamespaceSchemaLocation="https://maven.apache.org/surefire/maven-surefire-plugin/xsd/surefire-test-report.xsd" name="com.TestApplication" time="8.881" tests="1" errors="0" skipped="0" failures="0">
  <properties>
    <property name="sun.desktop" value="windows"/>
    <property name="awt.toolkit" value="sun.awt.windows.WToolkit"/>
    <property name="file.encoding.pkg" value="sun.io"/>
    <property name="java.specification.version" value="1.8"/>
    <property name="sun.cpu.isalist" value="amd64"/>
    <property name="sun.jnu.encoding" value="GBK"/>
    <property name="java.class.path" value="E:\code\java\hi-demo\hi-redis\target\test-classes;E:\code\java\hi-demo\hi-redis\target\classes;E:\code\java\hi-demo\hi-common\target\hi-common-1.0-SNAPSHOT.jar;C:\Users\Administrator\.m2\repository\com\squareup\okhttp3\okhttp\3.11.0\okhttp-3.11.0.jar;C:\Users\Administrator\.m2\repository\com\squareup\okio\okio\1.14.0\okio-1.14.0.jar;C:\Users\Administrator\.m2\repository\org\springframework\boot\spring-boot-starter\2.0.5.RELEASE\spring-boot-starter-2.0.5.RELEASE.jar;C:\Users\Administrator\.m2\repository\org\springframework\boot\spring-boot-starter-logging\2.0.5.RELEASE\spring-boot-starter-logging-2.0.5.RELEASE.jar;C:\Users\Administrator\.m2\repository\ch\qos\logback\logback-classic\1.2.3\logback-classic-1.2.3.jar;C:\Users\Administrator\.m2\repository\ch\qos\logback\logback-core\1.2.3\logback-core-1.2.3.jar;C:\Users\Administrator\.m2\repository\org\apache\logging\log4j\log4j-to-slf4j\2.10.0\log4j-to-slf4j-2.10.0.jar;C:\Users\Administrator\.m2\repository\org\apache\logging\log4j\log4j-api\2.10.0\log4j-api-2.10.0.jar;C:\Users\Administrator\.m2\repository\org\slf4j\jul-to-slf4j\1.7.25\jul-to-slf4j-1.7.25.jar;C:\Users\Administrator\.m2\repository\javax\annotation\javax.annotation-api\1.3.2\javax.annotation-api-1.3.2.jar;C:\Users\Administrator\.m2\repository\org\yaml\snakeyaml\1.19\snakeyaml-1.19.jar;C:\Users\Administrator\.m2\repository\org\springframework\boot\spring-boot-starter-web\2.0.5.RELEASE\spring-boot-starter-web-2.0.5.RELEASE.jar;C:\Users\Administrator\.m2\repository\org\springframework\boot\spring-boot-starter-json\2.0.5.RELEASE\spring-boot-starter-json-2.0.5.RELEASE.jar;C:\Users\Administrator\.m2\repository\com\fasterxml\jackson\core\jackson-databind\2.9.6\jackson-databind-2.9.6.jar;C:\Users\Administrator\.m2\repository\com\fasterxml\jackson\core\jackson-annotations\2.9.0\jackson-annotations-2.9.0.jar;C:\Users\Administrator\.m2\repository\com\fasterxml\jackson\datatype\jackson-datatype-jdk8\2.9.6\jackson-datatype-jdk8-2.9.6.jar;C:\Users\Administrator\.m2\repository\com\fasterxml\jackson\datatype\jackson-datatype-jsr310\2.9.6\jackson-datatype-jsr310-2.9.6.jar;C:\Users\Administrator\.m2\repository\com\fasterxml\jackson\module\jackson-module-parameter-names\2.9.6\jackson-module-parameter-names-2.9.6.jar;C:\Users\Administrator\.m2\repository\org\springframework\boot\spring-boot-starter-tomcat\2.0.5.RELEASE\spring-boot-starter-tomcat-2.0.5.RELEASE.jar;C:\Users\Administrator\.m2\repository\org\apache\tomcat\embed\tomcat-embed-core\8.5.34\tomcat-embed-core-8.5.34.jar;C:\Users\Administrator\.m2\repository\org\apache\tomcat\embed\tomcat-embed-el\8.5.34\tomcat-embed-el-8.5.34.jar;C:\Users\Administrator\.m2\repository\org\apache\tomcat\embed\tomcat-embed-websocket\8.5.34\tomcat-embed-websocket-8.5.34.jar;C:\Users\Administrator\.m2\repository\org\hibernate\validator\hibernate-validator\6.0.12.Final\hibernate-validator-6.0.12.Final.jar;C:\Users\Administrator\.m2\repository\javax\validation\validation-api\2.0.1.Final\validation-api-2.0.1.Final.jar;C:\Users\Administrator\.m2\repository\org\jboss\logging\jboss-logging\3.3.2.Final\jboss-logging-3.3.2.Final.jar;C:\Users\Administrator\.m2\repository\com\fasterxml\classmate\1.3.4\classmate-1.3.4.jar;C:\Users\Administrator\.m2\repository\org\springframework\spring-web\5.0.9.RELEASE\spring-web-5.0.9.RELEASE.jar;C:\Users\Administrator\.m2\repository\org\springframework\spring-beans\5.0.9.RELEASE\spring-beans-5.0.9.RELEASE.jar;C:\Users\Administrator\.m2\repository\org\springframework\spring-webmvc\5.0.9.RELEASE\spring-webmvc-5.0.9.RELEASE.jar;C:\Users\Administrator\.m2\repository\org\springframework\spring-aop\5.0.9.RELEASE\spring-aop-5.0.9.RELEASE.jar;C:\Users\Administrator\.m2\repository\org\springframework\spring-expression\5.0.9.RELEASE\spring-expression-5.0.9.RELEASE.jar;C:\Users\Administrator\.m2\repository\org\springframework\boot\spring-boot-starter-data-redis\2.0.5.RELEASE\spring-boot-starter-data-redis-2.0.5.RELEASE.jar;C:\Users\Administrator\.m2\repository\org\springframework\data\spring-data-redis\2.0.10.RELEASE\spring-data-redis-2.0.10.RELEASE.jar;C:\Users\Administrator\.m2\repository\org\springframework\data\spring-data-keyvalue\2.0.10.RELEASE\spring-data-keyvalue-2.0.10.RELEASE.jar;C:\Users\Administrator\.m2\repository\org\springframework\spring-tx\5.0.9.RELEASE\spring-tx-5.0.9.RELEASE.jar;C:\Users\Administrator\.m2\repository\org\springframework\spring-oxm\5.0.9.RELEASE\spring-oxm-5.0.9.RELEASE.jar;C:\Users\Administrator\.m2\repository\org\springframework\spring-context-support\5.0.9.RELEASE\spring-context-support-5.0.9.RELEASE.jar;C:\Users\Administrator\.m2\repository\io\lettuce\lettuce-core\5.0.5.RELEASE\lettuce-core-5.0.5.RELEASE.jar;C:\Users\Administrator\.m2\repository\io\projectreactor\reactor-core\3.1.9.RELEASE\reactor-core-3.1.9.RELEASE.jar;C:\Users\Administrator\.m2\repository\org\reactivestreams\reactive-streams\1.0.2\reactive-streams-1.0.2.jar;C:\Users\Administrator\.m2\repository\io\netty\netty-common\4.1.29.Final\netty-common-4.1.29.Final.jar;C:\Users\Administrator\.m2\repository\io\netty\netty-transport\4.1.29.Final\netty-transport-4.1.29.Final.jar;C:\Users\Administrator\.m2\repository\io\netty\netty-buffer\4.1.29.Final\netty-buffer-4.1.29.Final.jar;C:\Users\Administrator\.m2\repository\io\netty\netty-resolver\4.1.29.Final\netty-resolver-4.1.29.Final.jar;C:\Users\Administrator\.m2\repository\io\netty\netty-handler\4.1.29.Final\netty-handler-4.1.29.Final.jar;C:\Users\Administrator\.m2\repository\io\netty\netty-codec\4.1.29.Final\netty-codec-4.1.29.Final.jar;C:\Users\Administrator\.m2\repository\com\google\guava\guava\26.0-jre\guava-26.0-jre.jar;C:\Users\Administrator\.m2\repository\com\google\code\findbugs\jsr305\3.0.2\jsr305-3.0.2.jar;C:\Users\Administrator\.m2\repository\org\checkerframework\checker-qual\2.5.2\checker-qual-2.5.2.jar;C:\Users\Administrator\.m2\repository\com\google\errorprone\error_prone_annotations\2.1.3\error_prone_annotations-2.1.3.jar;C:\Users\Administrator\.m2\repository\com\google\j2objc\j2objc-annotations\1.1\j2objc-annotations-1.1.jar;C:\Users\Administrator\.m2\repository\org\codehaus\mojo\animal-sniffer-annotations\1.14\animal-sniffer-annotations-1.14.jar;C:\Users\Administrator\.m2\repository\redis\clients\jedis\2.9.0\jedis-2.9.0.jar;C:\Users\Administrator\.m2\repository\org\apache\commons\commons-pool2\2.5.0\commons-pool2-2.5.0.jar;C:\Users\Administrator\.m2\repository\com\alibaba\fastjson\1.2.51\fastjson-1.2.51.jar;C:\Users\Administrator\.m2\repository\org\springframework\boot\spring-boot-starter-data-elasticsearch\2.0.5.RELEASE\spring-boot-starter-data-elasticsearch-2.0.5.RELEASE.jar;C:\Users\Administrator\.m2\repository\org\springframework\data\spring-data-elasticsearch\3.0.10.RELEASE\spring-data-elasticsearch-3.0.10.RELEASE.jar;C:\Users\Administrator\.m2\repository\org\springframework\data\spring-data-commons\2.0.10.RELEASE\spring-data-commons-2.0.10.RELEASE.jar;C:\Users\Administrator\.m2\repository\joda-time\joda-time\2.9.9\joda-time-2.9.9.jar;C:\Users\Administrator\.m2\repository\org\elasticsearch\client\transport\5.6.11\transport-5.6.11.jar;C:\Users\Administrator\.m2\repository\org\elasticsearch\elasticsearch\5.6.11\elasticsearch-5.6.11.jar;C:\Users\Administrator\.m2\repository\org\apache\lucene\lucene-core\6.6.1\lucene-core-6.6.1.jar;C:\Users\Administrator\.m2\repository\org\apache\lucene\lucene-analyzers-common\6.6.1\lucene-analyzers-common-6.6.1.jar;C:\Users\Administrator\.m2\repository\org\apache\lucene\lucene-backward-codecs\6.6.1\lucene-backward-codecs-6.6.1.jar;C:\Users\Administrator\.m2\repository\org\apache\lucene\lucene-grouping\6.6.1\lucene-grouping-6.6.1.jar;C:\Users\Administrator\.m2\repository\org\apache\lucene\lucene-highlighter\6.6.1\lucene-highlighter-6.6.1.jar;C:\Users\Administrator\.m2\repository\org\apache\lucene\lucene-join\6.6.1\lucene-join-6.6.1.jar;C:\Users\Administrator\.m2\repository\org\apache\lucene\lucene-memory\6.6.1\lucene-memory-6.6.1.jar;C:\Users\Administrator\.m2\repository\org\apache\lucene\lucene-misc\6.6.1\lucene-misc-6.6.1.jar;C:\Users\Administrator\.m2\repository\org\apache\lucene\lucene-queries\6.6.1\lucene-queries-6.6.1.jar;C:\Users\Administrator\.m2\repository\org\apache\lucene\lucene-queryparser\6.6.1\lucene-queryparser-6.6.1.jar;C:\Users\Administrator\.m2\repository\org\apache\lucene\lucene-sandbox\6.6.1\lucene-sandbox-6.6.1.jar;C:\Users\Administrator\.m2\repository\org\apache\lucene\lucene-spatial\6.6.1\lucene-spatial-6.6.1.jar;C:\Users\Administrator\.m2\repository\org\apache\lucene\lucene-spatial-extras\6.6.1\lucene-spatial-extras-6.6.1.jar;C:\Users\Administrator\.m2\repository\org\apache\lucene\lucene-spatial3d\6.6.1\lucene-spatial3d-6.6.1.jar;C:\Users\Administrator\.m2\repository\org\apache\lucene\lucene-suggest\6.6.1\lucene-suggest-6.6.1.jar;C:\Users\Administrator\.m2\repository\org\elasticsearch\securesm\1.2\securesm-1.2.jar;C:\Users\Administrator\.m2\repository\net\sf\jopt-simple\jopt-simple\5.0.2\jopt-simple-5.0.2.jar;C:\Users\Administrator\.m2\repository\com\carrotsearch\hppc\0.7.1\hppc-0.7.1.jar;C:\Users\Administrator\.m2\repository\com\fasterxml\jackson\dataformat\jackson-dataformat-smile\2.9.6\jackson-dataformat-smile-2.9.6.jar;C:\Users\Administrator\.m2\repository\com\fasterxml\jackson\dataformat\jackson-dataformat-yaml\2.9.6\jackson-dataformat-yaml-2.9.6.jar;C:\Users\Administrator\.m2\repository\com\fasterxml\jackson\dataformat\jackson-dataformat-cbor\2.9.6\jackson-dataformat-cbor-2.9.6.jar;C:\Users\Administrator\.m2\repository\com\tdunning\t-digest\3.0\t-digest-3.0.jar;C:\Users\Administrator\.m2\repository\org\hdrhistogram\HdrHistogram\2.1.9\HdrHistogram-2.1.9.jar;C:\Users\Administrator\.m2\repository\org\elasticsearch\plugin\reindex-client\5.6.11\reindex-client-5.6.11.jar;C:\Users\Administrator\.m2\repository\org\elasticsearch\client\elasticsearch-rest-client\5.6.11\elasticsearch-rest-client-5.6.11.jar;C:\Users\Administrator\.m2\repository\org\apache\httpcomponents\httpclient\4.5.6\httpclient-4.5.6.jar;C:\Users\Administrator\.m2\repository\org\apache\httpcomponents\httpcore\4.4.10\httpcore-4.4.10.jar;C:\Users\Administrator\.m2\repository\org\apache\httpcomponents\httpasyncclient\4.1.4\httpasyncclient-4.1.4.jar;C:\Users\Administrator\.m2\repository\org\apache\httpcomponents\httpcore-nio\4.4.10\httpcore-nio-4.4.10.jar;C:\Users\Administrator\.m2\repository\commons-codec\commons-codec\1.11\commons-codec-1.11.jar;C:\Users\Administrator\.m2\repository\org\elasticsearch\plugin\lang-mustache-client\5.6.11\lang-mustache-client-5.6.11.jar;C:\Users\Administrator\.m2\repository\com\github\spullara\mustache\java\compiler\0.9.3\compiler-0.9.3.jar;C:\Users\Administrator\.m2\repository\org\elasticsearch\plugin\percolator-client\5.6.11\percolator-client-5.6.11.jar;C:\Users\Administrator\.m2\repository\org\elasticsearch\plugin\parent-join-client\5.6.11\parent-join-client-5.6.11.jar;C:\Users\Administrator\.m2\repository\org\elasticsearch\plugin\transport-netty4-client\5.6.11\transport-netty4-client-5.6.11.jar;C:\Users\Administrator\.m2\repository\io\netty\netty-codec-http\4.1.29.Final\netty-codec-http-4.1.29.Final.jar;C:\Users\Administrator\.m2\repository\org\locationtech\spatial4j\spatial4j\0.6\spatial4j-0.6.jar;C:\Users\Administrator\.m2\repository\com\vividsolutions\jts\1.13\jts-1.13.jar;C:\Users\Administrator\.m2\repository\org\elasticsearch\jna\4.4.0-1\jna-4.4.0-1.jar;C:\Users\Administrator\.m2\repository\com\fasterxml\jackson\core\jackson-core\2.9.6\jackson-core-2.9.6.jar;C:\Users\Administrator\.m2\repository\io\netty\netty-all\4.1.29.Final\netty-all-4.1.29.Final.jar;C:\Users\Administrator\.m2\repository\org\springframework\boot\spring-boot-starter-test\2.0.5.RELEASE\spring-boot-starter-test-2.0.5.RELEASE.jar;C:\Users\Administrator\.m2\repository\org\springframework\boot\spring-boot-test\2.0.5.RELEASE\spring-boot-test-2.0.5.RELEASE.jar;C:\Users\Administrator\.m2\repository\org\springframework\boot\spring-boot-test-autoconfigure\2.0.5.RELEASE\spring-boot-test-autoconfigure-2.0.5.RELEASE.jar;C:\Users\Administrator\.m2\repository\com\jayway\jsonpath\json-path\2.4.0\json-path-2.4.0.jar;C:\Users\Administrator\.m2\repository\net\minidev\json-smart\2.3\json-smart-2.3.jar;C:\Users\Administrator\.m2\repository\net\minidev\accessors-smart\1.2\accessors-smart-1.2.jar;C:\Users\Administrator\.m2\repository\org\ow2\asm\asm\5.0.4\asm-5.0.4.jar;C:\Users\Administrator\.m2\repository\org\slf4j\slf4j-api\1.7.25\slf4j-api-1.7.25.jar;C:\Users\Administrator\.m2\repository\junit\junit\4.12\junit-4.12.jar;C:\Users\Administrator\.m2\repository\org\assertj\assertj-core\3.9.1\assertj-core-3.9.1.jar;C:\Users\Administrator\.m2\repository\org\mockito\mockito-core\2.15.0\mockito-core-2.15.0.jar;C:\Users\Administrator\.m2\repository\net\bytebuddy\byte-buddy\1.7.11\byte-buddy-1.7.11.jar;C:\Users\Administrator\.m2\repository\net\bytebuddy\byte-buddy-agent\1.7.11\byte-buddy-agent-1.7.11.jar;C:\Users\Administrator\.m2\repository\org\objenesis\objenesis\2.6\objenesis-2.6.jar;C:\Users\Administrator\.m2\repository\org\hamcrest\hamcrest-core\1.3\hamcrest-core-1.3.jar;C:\Users\Administrator\.m2\repository\org\hamcrest\hamcrest-library\1.3\hamcrest-library-1.3.jar;C:\Users\Administrator\.m2\repository\org\skyscreamer\jsonassert\1.5.0\jsonassert-1.5.0.jar;C:\Users\Administrator\.m2\repository\com\vaadin\external\google\android-json\0.0.20131108.vaadin1\android-json-0.0.20131108.vaadin1.jar;C:\Users\Administrator\.m2\repository\org\springframework\spring-core\5.0.9.RELEASE\spring-core-5.0.9.RELEASE.jar;C:\Users\Administrator\.m2\repository\org\springframework\spring-jcl\5.0.9.RELEASE\spring-jcl-5.0.9.RELEASE.jar;C:\Users\Administrator\.m2\repository\org\springframework\spring-test\5.0.9.RELEASE\spring-test-5.0.9.RELEASE.jar;C:\Users\Administrator\.m2\repository\org\xmlunit\xmlunit-core\2.5.1\xmlunit-core-2.5.1.jar;C:\Users\Administrator\.m2\repository\org\projectlombok\lombok\1.16.22\lombok-1.16.22.jar;C:\Users\Administrator\.m2\repository\org\springframework\boot\spring-boot-devtools\2.0.5.RELEASE\spring-boot-devtools-2.0.5.RELEASE.jar;C:\Users\Administrator\.m2\repository\org\springframework\boot\spring-boot\2.0.5.RELEASE\spring-boot-2.0.5.RELEASE.jar;C:\Users\Administrator\.m2\repository\org\springframework\spring-context\5.0.9.RELEASE\spring-context-5.0.9.RELEASE.jar;C:\Users\Administrator\.m2\repository\org\springframework\boot\spring-boot-autoconfigure\2.0.5.RELEASE\spring-boot-autoconfigure-2.0.5.RELEASE.jar;"/>
    <property name="java.vm.vendor" value="Oracle Corporation"/>
    <property name="sun.arch.data.model" value="64"/>
    <property name="user.variant" value=""/>
    <property name="java.vendor.url" value="http://java.oracle.com/"/>
    <property name="user.timezone" value=""/>
    <property name="java.vm.specification.version" value="1.8"/>
    <property name="os.name" value="Windows 7"/>
    <property name="user.country" value="CN"/>
    <property name="sun.java.launcher" value="SUN_STANDARD"/>
    <property name="sun.boot.library.path" value="D:\softwareinstall\java\jdk1.8.0_181\jre\bin"/>
    <property name="sun.java.command" value="C:\Users\ADMINI~1\AppData\Local\Temp\surefire4018218308007301879\surefirebooter6671674757667201178.jar C:\Users\Administrator\AppData\Local\Temp\surefire4018218308007301879 2018-12-18T19-47-42_338-jvmRun1 surefire5274168655774325719tmp surefire_13662943986137676580tmp"/>
    <property name="surefire.test.class.path" value="E:\code\java\hi-demo\hi-redis\target\test-classes;E:\code\java\hi-demo\hi-redis\target\classes;E:\code\java\hi-demo\hi-common\target\hi-common-1.0-SNAPSHOT.jar;C:\Users\Administrator\.m2\repository\com\squareup\okhttp3\okhttp\3.11.0\okhttp-3.11.0.jar;C:\Users\Administrator\.m2\repository\com\squareup\okio\okio\1.14.0\okio-1.14.0.jar;C:\Users\Administrator\.m2\repository\org\springframework\boot\spring-boot-starter\2.0.5.RELEASE\spring-boot-starter-2.0.5.RELEASE.jar;C:\Users\Administrator\.m2\repository\org\springframework\boot\spring-boot-starter-logging\2.0.5.RELEASE\spring-boot-starter-logging-2.0.5.RELEASE.jar;C:\Users\Administrator\.m2\repository\ch\qos\logback\logback-classic\1.2.3\logback-classic-1.2.3.jar;C:\Users\Administrator\.m2\repository\ch\qos\logback\logback-core\1.2.3\logback-core-1.2.3.jar;C:\Users\Administrator\.m2\repository\org\apache\logging\log4j\log4j-to-slf4j\2.10.0\log4j-to-slf4j-2.10.0.jar;C:\Users\Administrator\.m2\repository\org\apache\logging\log4j\log4j-api\2.10.0\log4j-api-2.10.0.jar;C:\Users\Administrator\.m2\repository\org\slf4j\jul-to-slf4j\1.7.25\jul-to-slf4j-1.7.25.jar;C:\Users\Administrator\.m2\repository\javax\annotation\javax.annotation-api\1.3.2\javax.annotation-api-1.3.2.jar;C:\Users\Administrator\.m2\repository\org\yaml\snakeyaml\1.19\snakeyaml-1.19.jar;C:\Users\Administrator\.m2\repository\org\springframework\boot\spring-boot-starter-web\2.0.5.RELEASE\spring-boot-starter-web-2.0.5.RELEASE.jar;C:\Users\Administrator\.m2\repository\org\springframework\boot\spring-boot-starter-json\2.0.5.RELEASE\spring-boot-starter-json-2.0.5.RELEASE.jar;C:\Users\Administrator\.m2\repository\com\fasterxml\jackson\core\jackson-databind\2.9.6\jackson-databind-2.9.6.jar;C:\Users\Administrator\.m2\repository\com\fasterxml\jackson\core\jackson-annotations\2.9.0\jackson-annotations-2.9.0.jar;C:\Users\Administrator\.m2\repository\com\fasterxml\jackson\datatype\jackson-datatype-jdk8\2.9.6\jackson-datatype-jdk8-2.9.6.jar;C:\Users\Administrator\.m2\repository\com\fasterxml\jackson\datatype\jackson-datatype-jsr310\2.9.6\jackson-datatype-jsr310-2.9.6.jar;C:\Users\Administrator\.m2\repository\com\fasterxml\jackson\module\jackson-module-parameter-names\2.9.6\jackson-module-parameter-names-2.9.6.jar;C:\Users\Administrator\.m2\repository\org\springframework\boot\spring-boot-starter-tomcat\2.0.5.RELEASE\spring-boot-starter-tomcat-2.0.5.RELEASE.jar;C:\Users\Administrator\.m2\repository\org\apache\tomcat\embed\tomcat-embed-core\8.5.34\tomcat-embed-core-8.5.34.jar;C:\Users\Administrator\.m2\repository\org\apache\tomcat\embed\tomcat-embed-el\8.5.34\tomcat-embed-el-8.5.34.jar;C:\Users\Administrator\.m2\repository\org\apache\tomcat\embed\tomcat-embed-websocket\8.5.34\tomcat-embed-websocket-8.5.34.jar;C:\Users\Administrator\.m2\repository\org\hibernate\validator\hibernate-validator\6.0.12.Final\hibernate-validator-6.0.12.Final.jar;C:\Users\Administrator\.m2\repository\javax\validation\validation-api\2.0.1.Final\validation-api-2.0.1.Final.jar;C:\Users\Administrator\.m2\repository\org\jboss\logging\jboss-logging\3.3.2.Final\jboss-logging-3.3.2.Final.jar;C:\Users\Administrator\.m2\repository\com\fasterxml\classmate\1.3.4\classmate-1.3.4.jar;C:\Users\Administrator\.m2\repository\org\springframework\spring-web\5.0.9.RELEASE\spring-web-5.0.9.RELEASE.jar;C:\Users\Administrator\.m2\repository\org\springframework\spring-beans\5.0.9.RELEASE\spring-beans-5.0.9.RELEASE.jar;C:\Users\Administrator\.m2\repository\org\springframework\spring-webmvc\5.0.9.RELEASE\spring-webmvc-5.0.9.RELEASE.jar;C:\Users\Administrator\.m2\repository\org\springframework\spring-aop\5.0.9.RELEASE\spring-aop-5.0.9.RELEASE.jar;C:\Users\Administrator\.m2\repository\org\springframework\spring-expression\5.0.9.RELEASE\spring-expression-5.0.9.RELEASE.jar;C:\Users\Administrator\.m2\repository\org\springframework\boot\spring-boot-starter-data-redis\2.0.5.RELEASE\spring-boot-starter-data-redis-2.0.5.RELEASE.jar;C:\Users\Administrator\.m2\repository\org\springframework\data\spring-data-redis\2.0.10.RELEASE\spring-data-redis-2.0.10.RELEASE.jar;C:\Users\Administrator\.m2\repository\org\springframework\data\spring-data-keyvalue\2.0.10.RELEASE\spring-data-keyvalue-2.0.10.RELEASE.jar;C:\Users\Administrator\.m2\repository\org\springframework\spring-tx\5.0.9.RELEASE\spring-tx-5.0.9.RELEASE.jar;C:\Users\Administrator\.m2\repository\org\springframework\spring-oxm\5.0.9.RELEASE\spring-oxm-5.0.9.RELEASE.jar;C:\Users\Administrator\.m2\repository\org\springframework\spring-context-support\5.0.9.RELEASE\spring-context-support-5.0.9.RELEASE.jar;C:\Users\Administrator\.m2\repository\io\lettuce\lettuce-core\5.0.5.RELEASE\lettuce-core-5.0.5.RELEASE.jar;C:\Users\Administrator\.m2\repository\io\projectreactor\reactor-core\3.1.9.RELEASE\reactor-core-3.1.9.RELEASE.jar;C:\Users\Administrator\.m2\repository\org\reactivestreams\reactive-streams\1.0.2\reactive-streams-1.0.2.jar;C:\Users\Administrator\.m2\repository\io\netty\netty-common\4.1.29.Final\netty-common-4.1.29.Final.jar;C:\Users\Administrator\.m2\repository\io\netty\netty-transport\4.1.29.Final\netty-transport-4.1.29.Final.jar;C:\Users\Administrator\.m2\repository\io\netty\netty-buffer\4.1.29.Final\netty-buffer-4.1.29.Final.jar;C:\Users\Administrator\.m2\repository\io\netty\netty-resolver\4.1.29.Final\netty-resolver-4.1.29.Final.jar;C:\Users\Administrator\.m2\repository\io\netty\netty-handler\4.1.29.Final\netty-handler-4.1.29.Final.jar;C:\Users\Administrator\.m2\repository\io\netty\netty-codec\4.1.29.Final\netty-codec-4.1.29.Final.jar;C:\Users\Administrator\.m2\repository\com\google\guava\guava\26.0-jre\guava-26.0-jre.jar;C:\Users\Administrator\.m2\repository\com\google\code\findbugs\jsr305\3.0.2\jsr305-3.0.2.jar;C:\Users\Administrator\.m2\repository\org\checkerframework\checker-qual\2.5.2\checker-qual-2.5.2.jar;C:\Users\Administrator\.m2\repository\com\google\errorprone\error_prone_annotations\2.1.3\error_prone_annotations-2.1.3.jar;C:\Users\Administrator\.m2\repository\com\google\j2objc\j2objc-annotations\1.1\j2objc-annotations-1.1.jar;C:\Users\Administrator\.m2\repository\org\codehaus\mojo\animal-sniffer-annotations\1.14\animal-sniffer-annotations-1.14.jar;C:\Users\Administrator\.m2\repository\redis\clients\jedis\2.9.0\jedis-2.9.0.jar;C:\Users\Administrator\.m2\repository\org\apache\commons\commons-pool2\2.5.0\commons-pool2-2.5.0.jar;C:\Users\Administrator\.m2\repository\com\alibaba\fastjson\1.2.51\fastjson-1.2.51.jar;C:\Users\Administrator\.m2\repository\org\springframework\boot\spring-boot-starter-data-elasticsearch\2.0.5.RELEASE\spring-boot-starter-data-elasticsearch-2.0.5.RELEASE.jar;C:\Users\Administrator\.m2\repository\org\springframework\data\spring-data-elasticsearch\3.0.10.RELEASE\spring-data-elasticsearch-3.0.10.RELEASE.jar;C:\Users\Administrator\.m2\repository\org\springframework\data\spring-data-commons\2.0.10.RELEASE\spring-data-commons-2.0.10.RELEASE.jar;C:\Users\Administrator\.m2\repository\joda-time\joda-time\2.9.9\joda-time-2.9.9.jar;C:\Users\Administrator\.m2\repository\org\elasticsearch\client\transport\5.6.11\transport-5.6.11.jar;C:\Users\Administrator\.m2\repository\org\elasticsearch\elasticsearch\5.6.11\elasticsearch-5.6.11.jar;C:\Users\Administrator\.m2\repository\org\apache\lucene\lucene-core\6.6.1\lucene-core-6.6.1.jar;C:\Users\Administrator\.m2\repository\org\apache\lucene\lucene-analyzers-common\6.6.1\lucene-analyzers-common-6.6.1.jar;C:\Users\Administrator\.m2\repository\org\apache\lucene\lucene-backward-codecs\6.6.1\lucene-backward-codecs-6.6.1.jar;C:\Users\Administrator\.m2\repository\org\apache\lucene\lucene-grouping\6.6.1\lucene-grouping-6.6.1.jar;C:\Users\Administrator\.m2\repository\org\apache\lucene\lucene-highlighter\6.6.1\lucene-highlighter-6.6.1.jar;C:\Users\Administrator\.m2\repository\org\apache\lucene\lucene-join\6.6.1\lucene-join-6.6.1.jar;C:\Users\Administrator\.m2\repository\org\apache\lucene\lucene-memory\6.6.1\lucene-memory-6.6.1.jar;C:\Users\Administrator\.m2\repository\org\apache\lucene\lucene-misc\6.6.1\lucene-misc-6.6.1.jar;C:\Users\Administrator\.m2\repository\org\apache\lucene\lucene-queries\6.6.1\lucene-queries-6.6.1.jar;C:\Users\Administrator\.m2\repository\org\apache\lucene\lucene-queryparser\6.6.1\lucene-queryparser-6.6.1.jar;C:\Users\Administrator\.m2\repository\org\apache\lucene\lucene-sandbox\6.6.1\lucene-sandbox-6.6.1.jar;C:\Users\Administrator\.m2\repository\org\apache\lucene\lucene-spatial\6.6.1\lucene-spatial-6.6.1.jar;C:\Users\Administrator\.m2\repository\org\apache\lucene\lucene-spatial-extras\6.6.1\lucene-spatial-extras-6.6.1.jar;C:\Users\Administrator\.m2\repository\org\apache\lucene\lucene-spatial3d\6.6.1\lucene-spatial3d-6.6.1.jar;C:\Users\Administrator\.m2\repository\org\apache\lucene\lucene-suggest\6.6.1\lucene-suggest-6.6.1.jar;C:\Users\Administrator\.m2\repository\org\elasticsearch\securesm\1.2\securesm-1.2.jar;C:\Users\Administrator\.m2\repository\net\sf\jopt-simple\jopt-simple\5.0.2\jopt-simple-5.0.2.jar;C:\Users\Administrator\.m2\repository\com\carrotsearch\hppc\0.7.1\hppc-0.7.1.jar;C:\Users\Administrator\.m2\repository\com\fasterxml\jackson\dataformat\jackson-dataformat-smile\2.9.6\jackson-dataformat-smile-2.9.6.jar;C:\Users\Administrator\.m2\repository\com\fasterxml\jackson\dataformat\jackson-dataformat-yaml\2.9.6\jackson-dataformat-yaml-2.9.6.jar;C:\Users\Administrator\.m2\repository\com\fasterxml\jackson\dataformat\jackson-dataformat-cbor\2.9.6\jackson-dataformat-cbor-2.9.6.jar;C:\Users\Administrator\.m2\repository\com\tdunning\t-digest\3.0\t-digest-3.0.jar;C:\Users\Administrator\.m2\repository\org\hdrhistogram\HdrHistogram\2.1.9\HdrHistogram-2.1.9.jar;C:\Users\Administrator\.m2\repository\org\elasticsearch\plugin\reindex-client\5.6.11\reindex-client-5.6.11.jar;C:\Users\Administrator\.m2\repository\org\elasticsearch\client\elasticsearch-rest-client\5.6.11\elasticsearch-rest-client-5.6.11.jar;C:\Users\Administrator\.m2\repository\org\apache\httpcomponents\httpclient\4.5.6\httpclient-4.5.6.jar;C:\Users\Administrator\.m2\repository\org\apache\httpcomponents\httpcore\4.4.10\httpcore-4.4.10.jar;C:\Users\Administrator\.m2\repository\org\apache\httpcomponents\httpasyncclient\4.1.4\httpasyncclient-4.1.4.jar;C:\Users\Administrator\.m2\repository\org\apache\httpcomponents\httpcore-nio\4.4.10\httpcore-nio-4.4.10.jar;C:\Users\Administrator\.m2\repository\commons-codec\commons-codec\1.11\commons-codec-1.11.jar;C:\Users\Administrator\.m2\repository\org\elasticsearch\plugin\lang-mustache-client\5.6.11\lang-mustache-client-5.6.11.jar;C:\Users\Administrator\.m2\repository\com\github\spullara\mustache\java\compiler\0.9.3\compiler-0.9.3.jar;C:\Users\Administrator\.m2\repository\org\elasticsearch\plugin\percolator-client\5.6.11\percolator-client-5.6.11.jar;C:\Users\Administrator\.m2\repository\org\elasticsearch\plugin\parent-join-client\5.6.11\parent-join-client-5.6.11.jar;C:\Users\Administrator\.m2\repository\org\elasticsearch\plugin\transport-netty4-client\5.6.11\transport-netty4-client-5.6.11.jar;C:\Users\Administrator\.m2\repository\io\netty\netty-codec-http\4.1.29.Final\netty-codec-http-4.1.29.Final.jar;C:\Users\Administrator\.m2\repository\org\locationtech\spatial4j\spatial4j\0.6\spatial4j-0.6.jar;C:\Users\Administrator\.m2\repository\com\vividsolutions\jts\1.13\jts-1.13.jar;C:\Users\Administrator\.m2\repository\org\elasticsearch\jna\4.4.0-1\jna-4.4.0-1.jar;C:\Users\Administrator\.m2\repository\com\fasterxml\jackson\core\jackson-core\2.9.6\jackson-core-2.9.6.jar;C:\Users\Administrator\.m2\repository\io\netty\netty-all\4.1.29.Final\netty-all-4.1.29.Final.jar;C:\Users\Administrator\.m2\repository\org\springframework\boot\spring-boot-starter-test\2.0.5.RELEASE\spring-boot-starter-test-2.0.5.RELEASE.jar;C:\Users\Administrator\.m2\repository\org\springframework\boot\spring-boot-test\2.0.5.RELEASE\spring-boot-test-2.0.5.RELEASE.jar;C:\Users\Administrator\.m2\repository\org\springframework\boot\spring-boot-test-autoconfigure\2.0.5.RELEASE\spring-boot-test-autoconfigure-2.0.5.RELEASE.jar;C:\Users\Administrator\.m2\repository\com\jayway\jsonpath\json-path\2.4.0\json-path-2.4.0.jar;C:\Users\Administrator\.m2\repository\net\minidev\json-smart\2.3\json-smart-2.3.jar;C:\Users\Administrator\.m2\repository\net\minidev\accessors-smart\1.2\accessors-smart-1.2.jar;C:\Users\Administrator\.m2\repository\org\ow2\asm\asm\5.0.4\asm-5.0.4.jar;C:\Users\Administrator\.m2\repository\org\slf4j\slf4j-api\1.7.25\slf4j-api-1.7.25.jar;C:\Users\Administrator\.m2\repository\junit\junit\4.12\junit-4.12.jar;C:\Users\Administrator\.m2\repository\org\assertj\assertj-core\3.9.1\assertj-core-3.9.1.jar;C:\Users\Administrator\.m2\repository\org\mockito\mockito-core\2.15.0\mockito-core-2.15.0.jar;C:\Users\Administrator\.m2\repository\net\bytebuddy\byte-buddy\1.7.11\byte-buddy-1.7.11.jar;C:\Users\Administrator\.m2\repository\net\bytebuddy\byte-buddy-agent\1.7.11\byte-buddy-agent-1.7.11.jar;C:\Users\Administrator\.m2\repository\org\objenesis\objenesis\2.6\objenesis-2.6.jar;C:\Users\Administrator\.m2\repository\org\hamcrest\hamcrest-core\1.3\hamcrest-core-1.3.jar;C:\Users\Administrator\.m2\repository\org\hamcrest\hamcrest-library\1.3\hamcrest-library-1.3.jar;C:\Users\Administrator\.m2\repository\org\skyscreamer\jsonassert\1.5.0\jsonassert-1.5.0.jar;C:\Users\Administrator\.m2\repository\com\vaadin\external\google\android-json\0.0.20131108.vaadin1\android-json-0.0.20131108.vaadin1.jar;C:\Users\Administrator\.m2\repository\org\springframework\spring-core\5.0.9.RELEASE\spring-core-5.0.9.RELEASE.jar;C:\Users\Administrator\.m2\repository\org\springframework\spring-jcl\5.0.9.RELEASE\spring-jcl-5.0.9.RELEASE.jar;C:\Users\Administrator\.m2\repository\org\springframework\spring-test\5.0.9.RELEASE\spring-test-5.0.9.RELEASE.jar;C:\Users\Administrator\.m2\repository\org\xmlunit\xmlunit-core\2.5.1\xmlunit-core-2.5.1.jar;C:\Users\Administrator\.m2\repository\org\projectlombok\lombok\1.16.22\lombok-1.16.22.jar;C:\Users\Administrator\.m2\repository\org\springframework\boot\spring-boot-devtools\2.0.5.RELEASE\spring-boot-devtools-2.0.5.RELEASE.jar;C:\Users\Administrator\.m2\repository\org\springframework\boot\spring-boot\2.0.5.RELEASE\spring-boot-2.0.5.RELEASE.jar;C:\Users\Administrator\.m2\repository\org\springframework\spring-context\5.0.9.RELEASE\spring-context-5.0.9.RELEASE.jar;C:\Users\Administrator\.m2\repository\org\springframework\boot\spring-boot-autoconfigure\2.0.5.RELEASE\spring-boot-autoconfigure-2.0.5.RELEASE.jar;"/>
    <property name="sun.cpu.endian" value="little"/>
    <property name="user.home" value="C:\Users\Administrator"/>
    <property name="user.language" value="zh"/>
    <property name="java.specification.vendor" value="Oracle Corporation"/>
    <property name="java.home" value="D:\softwareinstall\java\jdk1.8.0_181\jre"/>
    <property name="basedir" value="E:\code\java\hi-demo\hi-redis"/>
    <property name="file.separator" value="\"/>
    <property name="line.separator" value="&#10;"/>
    <property name="java.vm.specification.vendor" value="Oracle Corporation"/>
    <property name="java.specification.name" value="Java Platform API Specification"/>
    <property name="java.awt.graphicsenv" value="sun.awt.Win32GraphicsEnvironment"/>
    <property name="surefire.real.class.path" value="C:\Users\ADMINI~1\AppData\Local\Temp\surefire4018218308007301879\surefirebooter6671674757667201178.jar"/>
    <property name="sun.boot.class.path" value="D:\softwareinstall\java\jdk1.8.0_181\jre\lib\resources.jar;D:\softwareinstall\java\jdk1.8.0_181\jre\lib\rt.jar;D:\softwareinstall\java\jdk1.8.0_181\jre\lib\sunrsasign.jar;D:\softwareinstall\java\jdk1.8.0_181\jre\lib\jsse.jar;D:\softwareinstall\java\jdk1.8.0_181\jre\lib\jce.jar;D:\softwareinstall\java\jdk1.8.0_181\jre\lib\charsets.jar;D:\softwareinstall\java\jdk1.8.0_181\jre\lib\jfr.jar;D:\softwareinstall\java\jdk1.8.0_181\jre\classes"/>
    <property name="user.script" value=""/>
    <property name="sun.management.compiler" value="HotSpot 64-Bit Tiered Compilers"/>
    <property name="java.runtime.version" value="1.8.0_181-b13"/>
    <property name="user.name" value="Administrator"/>
    <property name="path.separator" value=";"/>
    <property name="os.version" value="6.1"/>
    <property name="java.endorsed.dirs" value="D:\softwareinstall\java\jdk1.8.0_181\jre\lib\endorsed"/>
    <property name="java.runtime.name" value="Java(TM) SE Runtime Environment"/>
    <property name="file.encoding" value="GBK"/>
    <property name="java.vm.name" value="Java HotSpot(TM) 64-Bit Server VM"/>
    <property name="localRepository" value="C:\Users\Administrator\.m2\repository"/>
    <property name="java.vendor.url.bug" value="http://bugreport.sun.com/bugreport/"/>
    <property name="java.io.tmpdir" value="C:\Users\ADMINI~1\AppData\Local\Temp\"/>
    <property name="idea.version" value="2017.3"/>
    <property name="java.version" value="1.8.0_181"/>
    <property name="user.dir" value="E:\code\java\hi-demo\hi-redis"/>
    <property name="os.arch" value="amd64"/>
    <property name="java.vm.specification.name" value="Java Virtual Machine Specification"/>
    <property name="java.awt.printerjob" value="sun.awt.windows.WPrinterJob"/>
    <property name="sun.os.patch.level" value="Service Pack 1"/>
    <property name="java.library.path" value="D:\softwareinstall\java\jdk1.8.0_181\jre\bin;C:\Windows\Sun\Java\bin;C:\Windows\system32;C:\Windows;C:\Program Files (x86)\Common Files\Oracle\Java\javapath;C:\Windows\system32;C:\Windows;C:\Windows\System32\Wbem;C:\Windows\System32\WindowsPowerShell\v1.0\;D:\softwareinstall\java\jdk1.8.0_181\bin;D:\softwareinstall\Git\cmd;D:\softwareinstall\Redis\;C:\Program Files\MySQL\MySQL Utilities 1.6\;D:\softwareinstall\nodejs\;D:\softwareinstall\Python37\Scripts\;D:\softwareinstall\Python37\;C:\Users\Administrator\AppData\Roaming\npm;C:\Users\Administrator\AppData\Local\Programs\Fiddler;."/>
    <property name="java.vm.info" value="mixed mode"/>
    <property name="java.vendor" value="Oracle Corporation"/>
    <property name="java.vm.version" value="25.181-b13"/>
    <property name="java.ext.dirs" value="D:\softwareinstall\java\jdk1.8.0_181\jre\lib\ext;C:\Windows\Sun\Java\lib\ext"/>
    <property name="sun.io.unicode.encoding" value="UnicodeLittle"/>
    <property name="java.class.version" value="52.0"/>
  </properties>
  <testcase name="testAsync" classname="com.TestApplication" time="0.136"/>
</testsuite>